<?xml version="1.0" encoding="UTF-8"?>
<testsuites>
  <testsuite name="" tests="19" assertions="32" errors="0" warnings="0" failures="0" skipped="0" time="0.220042">
    <testsuite name="Project Test Suite" tests="19" assertions="32" errors="0" warnings="0" failures="0" skipped="0" time="0.220042">
      <testsuite name="App\Entity\BookTest" file="/home/liv/dbwebb-kurser/mvc/me/report/tests/Book/BookTest.php" tests="4" assertions="4" errors="0" warnings="0" failures="0" skipped="0" time="0.008023">
        <testcase name="testSetTitle" class="App\Entity\BookTest" classname="App.Entity.BookTest" file="/home/liv/dbwebb-kurser/mvc/me/report/tests/Book/BookTest.php" line="15" assertions="1" time="0.007013"/>
        <testcase name="testSetAuthor" class="App\Entity\BookTest" classname="App.Entity.BookTest" file="/home/liv/dbwebb-kurser/mvc/me/report/tests/Book/BookTest.php" line="29" assertions="1" time="0.000321"/>
        <testcase name="testSetIsbn" class="App\Entity\BookTest" classname="App.Entity.BookTest" file="/home/liv/dbwebb-kurser/mvc/me/report/tests/Book/BookTest.php" line="43" assertions="1" time="0.000293"/>
        <testcase name="testSetId" class="App\Entity\BookTest" classname="App.Entity.BookTest" file="/home/liv/dbwebb-kurser/mvc/me/report/tests/Book/BookTest.php" line="57" assertions="1" time="0.000396"/>
      </testsuite>
      <testsuite name="App\Card\CardHandTest" file="/home/liv/dbwebb-kurser/mvc/me/report/tests/CardGame/CardHandTest.php" tests="4" assertions="5" errors="0" warnings="0" failures="0" skipped="0" time="0.004345">
        <testcase name="testCreateCardhand" class="App\Card\CardHandTest" classname="App.Card.CardHandTest" file="/home/liv/dbwebb-kurser/mvc/me/report/tests/CardGame/CardHandTest.php" line="15" assertions="2" time="0.002825"/>
        <testcase name="testCountCardhand" class="App\Card\CardHandTest" classname="App.Card.CardHandTest" file="/home/liv/dbwebb-kurser/mvc/me/report/tests/CardGame/CardHandTest.php" line="28" assertions="1" time="0.000509"/>
        <testcase name="testAddCardhand" class="App\Card\CardHandTest" classname="App.Card.CardHandTest" file="/home/liv/dbwebb-kurser/mvc/me/report/tests/CardGame/CardHandTest.php" line="40" assertions="1" time="0.000522"/>
        <testcase name="testSumCardhand" class="App\Card\CardHandTest" classname="App.Card.CardHandTest" file="/home/liv/dbwebb-kurser/mvc/me/report/tests/CardGame/CardHandTest.php" line="52" assertions="1" time="0.000489"/>
      </testsuite>
      <testsuite name="App\Card\CardTest" file="/home/liv/dbwebb-kurser/mvc/me/report/tests/CardGame/CardTest.php" tests="2" assertions="6" errors="0" warnings="0" failures="0" skipped="0" time="0.001880">
        <testcase name="testCreateCard" class="App\Card\CardTest" classname="App.Card.CardTest" file="/home/liv/dbwebb-kurser/mvc/me/report/tests/CardGame/CardTest.php" line="15" assertions="4" time="0.000589"/>
        <testcase name="testCreateCardGraphic" class="App\Card\CardTest" classname="App.Card.CardTest" file="/home/liv/dbwebb-kurser/mvc/me/report/tests/CardGame/CardTest.php" line="35" assertions="2" time="0.001291"/>
      </testsuite>
      <testsuite name="App\Card\DeckOfCardsTest" file="/home/liv/dbwebb-kurser/mvc/me/report/tests/CardGame/DeckOfCardsTest.php" tests="4" assertions="8" errors="0" warnings="0" failures="0" skipped="0" time="0.202396">
        <testcase name="testCreateDeckOfCards" class="App\Card\DeckOfCardsTest" classname="App.Card.DeckOfCardsTest" file="/home/liv/dbwebb-kurser/mvc/me/report/tests/CardGame/DeckOfCardsTest.php" line="15" assertions="4" time="0.001656"/>
        <testcase name="testDrawDeckOfCards" class="App\Card\DeckOfCardsTest" classname="App.Card.DeckOfCardsTest" file="/home/liv/dbwebb-kurser/mvc/me/report/tests/CardGame/DeckOfCardsTest.php" line="33" assertions="2" time="0.000487"/>
        <testcase name="testShuffleDeckOfCards" class="App\Card\DeckOfCardsTest" classname="App.Card.DeckOfCardsTest" file="/home/liv/dbwebb-kurser/mvc/me/report/tests/CardGame/DeckOfCardsTest.php" line="47" assertions="1" time="0.079617"/>
        <testcase name="testSortDeckOfCards" class="App\Card\DeckOfCardsTest" classname="App.Card.DeckOfCardsTest" file="/home/liv/dbwebb-kurser/mvc/me/report/tests/CardGame/DeckOfCardsTest.php" line="59" assertions="1" time="0.120636"/>
      </testsuite>
      <testsuite name="App\Card\GameTest" file="/home/liv/dbwebb-kurser/mvc/me/report/tests/CardGame/GameTest.php" tests="5" assertions="9" errors="0" warnings="0" failures="0" skipped="0" time="0.003397">
        <testcase name="testCreateGame" class="App\Card\GameTest" classname="App.Card.GameTest" file="/home/liv/dbwebb-kurser/mvc/me/report/tests/CardGame/GameTest.php" line="15" assertions="4" time="0.001191"/>
        <testcase name="testDrawCardGame" class="App\Card\GameTest" classname="App.Card.GameTest" file="/home/liv/dbwebb-kurser/mvc/me/report/tests/CardGame/GameTest.php" line="33" assertions="2" time="0.000559"/>
        <testcase name="testPlayerWinsGame" class="App\Card\GameTest" classname="App.Card.GameTest" file="/home/liv/dbwebb-kurser/mvc/me/report/tests/CardGame/GameTest.php" line="51" assertions="1" time="0.000568"/>
        <testcase name="testBankWinsGame" class="App\Card\GameTest" classname="App.Card.GameTest" file="/home/liv/dbwebb-kurser/mvc/me/report/tests/CardGame/GameTest.php" line="68" assertions="1" time="0.000519"/>
        <testcase name="testBothLooseGame" class="App\Card\GameTest" classname="App.Card.GameTest" file="/home/liv/dbwebb-kurser/mvc/me/report/tests/CardGame/GameTest.php" line="85" assertions="1" time="0.000560"/>
      </testsuite>
    </testsuite>
  </testsuite>
</testsuites>
